Cargando courses.php - Session CSRF: 2b6509bd5098510d181ab3cc1879c7442550248894baded7f5918dfffb568567, User ID: 1, Time: 2025-07-11 16:53:24
Cargando courses.php - Session CSRF: 2b6509bd5098510d181ab3cc1879c7442550248894baded7f5918dfffb568567, User ID: 1, Time: 2025-07-11 17:00:47
Cargando courses.php - Session CSRF: 2b6509bd5098510d181ab3cc1879c7442550248894baded7f5918dfffb568567, User ID: 1, Time: 2025-07-11 17:01:08
Cargando courses.php - Session CSRF: 2b6509bd5098510d181ab3cc1879c7442550248894baded7f5918dfffb568567, User ID: 1, Role: student, Time: 2025-07-11 17:05:03
Cargando courses.php - Session CSRF: 9166a7b1e3592f2bb63e276fefa4dd7f6df5e701477656cf956713ccee77bb17, User ID: 1, Role: student, Time: 2025-07-11 17:05:14
Cargando courses.php - Session CSRF: 9166a7b1e3592f2bb63e276fefa4dd7f6df5e701477656cf956713ccee77bb17, User ID: 1, Role: student, Time: 2025-07-11 17:07:04
Cargando courses.php - Session CSRF: 9166a7b1e3592f2bb63e276fefa4dd7f6df5e701477656cf956713ccee77bb17, User ID: 1, Role: student, Time: 2025-07-11 17:10:04
Cargando courses.php - Session CSRF: 9166a7b1e3592f2bb63e276fefa4dd7f6df5e701477656cf956713ccee77bb17, User ID: 1, Role: student, Time: 2025-07-11 17:10:04
Cargando courses.php - Session CSRF: 9166a7b1e3592f2bb63e276fefa4dd7f6df5e701477656cf956713ccee77bb17, User ID: 1, Role: student, Time: 2025-07-11 17:11:30
Cargando courses.php - Session CSRF: 9166a7b1e3592f2bb63e276fefa4dd7f6df5e701477656cf956713ccee77bb17, User ID: 1, Role: student, Time: 2025-07-11 17:11:33
Cargando courses.php - Session CSRF: 9166a7b1e3592f2bb63e276fefa4dd7f6df5e701477656cf956713ccee77bb17, User ID: 1, Role: student, Time: 2025-07-11 17:11:35
Cargando courses.php - Session CSRF: 9166a7b1e3592f2bb63e276fefa4dd7f6df5e701477656cf956713ccee77bb17, User ID: 1, Role: student, Time: 2025-07-11 17:11:40
Cargando courses.php - Session CSRF: 9166a7b1e3592f2bb63e276fefa4dd7f6df5e701477656cf956713ccee77bb17, User ID: 1, Role: student, Time: 2025-07-11 17:11:44
Cargando courses.php - Session CSRF: 9166a7b1e3592f2bb63e276fefa4dd7f6df5e701477656cf956713ccee77bb17, User ID: 1, Role: student, Time: 2025-07-11 17:11:53
Cargando courses.php - Session CSRF: 9166a7b1e3592f2bb63e276fefa4dd7f6df5e701477656cf956713ccee77bb17, User ID: 1, Role: student, Time: 2025-07-11 17:12:14
Cargando courses.php - Session CSRF: 9166a7b1e3592f2bb63e276fefa4dd7f6df5e701477656cf956713ccee77bb17, User ID: 1, Role: student, Time: 2025-07-11 17:12:17
Cargando courses.php - Session CSRF: 9166a7b1e3592f2bb63e276fefa4dd7f6df5e701477656cf956713ccee77bb17, User ID: 1, Role: student, Time: 2025-07-11 17:13:03
Cargando courses.php - Session CSRF: 9166a7b1e3592f2bb63e276fefa4dd7f6df5e701477656cf956713ccee77bb17, User ID: 1, Role: student, Time: 2025-07-11 17:13:04
Cargando courses.php - Session CSRF: 9166a7b1e3592f2bb63e276fefa4dd7f6df5e701477656cf956713ccee77bb17, User ID: 1, Role: student, Time: 2025-07-11 17:13:10
Cargando courses.php - Session CSRF: 9166a7b1e3592f2bb63e276fefa4dd7f6df5e701477656cf956713ccee77bb17, User ID: 1, Role: student, Time: 2025-07-11 17:13:12
Cargando courses.php - Session CSRF: 9166a7b1e3592f2bb63e276fefa4dd7f6df5e701477656cf956713ccee77bb17, User ID: 1, Role: student, Time: 2025-07-11 17:14:12
Cargando courses.php - Session CSRF: 9166a7b1e3592f2bb63e276fefa4dd7f6df5e701477656cf956713ccee77bb17, User ID: 1, Role: student, Time: 2025-07-11 17:14:13
Cargando courses.php - Session CSRF: 9166a7b1e3592f2bb63e276fefa4dd7f6df5e701477656cf956713ccee77bb17, User ID: 1, Role: student, Time: 2025-07-11 17:14:17
Cargando courses.php - Session CSRF: 9166a7b1e3592f2bb63e276fefa4dd7f6df5e701477656cf956713ccee77bb17, User ID: 1, Role: student, Time: 2025-07-11 17:14:22
Cargando courses.php - Session CSRF: 9166a7b1e3592f2bb63e276fefa4dd7f6df5e701477656cf956713ccee77bb17, User ID: 1, Role: student, Time: 2025-07-11 17:14:23
Cargando courses.php - Session CSRF: e98708c0bffab2dcb0d4726691874e7e96d4fb4e28729661f56c00ef4985a1e6, User ID: 1, Role: student, Time: 2025-07-11 18:59:14
Cargando courses.php - Session CSRF: e98708c0bffab2dcb0d4726691874e7e96d4fb4e28729661f56c00ef4985a1e6, User ID: 1, Role: student, Time: 2025-07-11 18:59:16
Cargando courses.php - Session CSRF: e98708c0bffab2dcb0d4726691874e7e96d4fb4e28729661f56c00ef4985a1e6, User ID: 1, Role: student, Time: 2025-07-11 18:59:24
Cargando courses.php - Session CSRF: e98708c0bffab2dcb0d4726691874e7e96d4fb4e28729661f56c00ef4985a1e6, User ID: 1, Role: student, Time: 2025-07-11 19:02:37
Cargando courses.php - Session CSRF: e98708c0bffab2dcb0d4726691874e7e96d4fb4e28729661f56c00ef4985a1e6, User ID: 1, Role: student, Time: 2025-07-11 19:02:39
Cargando courses.php - Session CSRF: e98708c0bffab2dcb0d4726691874e7e96d4fb4e28729661f56c00ef4985a1e6, User ID: 1, Role: student, Time: 2025-07-11 19:02:41
Cargando courses.php - Session CSRF: e98708c0bffab2dcb0d4726691874e7e96d4fb4e28729661f56c00ef4985a1e6, User ID: 1, Role: student, Time: 2025-07-11 19:03:26
Cargando courses.php - Session CSRF: e98708c0bffab2dcb0d4726691874e7e96d4fb4e28729661f56c00ef4985a1e6, User ID: 1, Role: student, Time: 2025-07-11 19:06:27
Cargando courses.php - Session CSRF: e98708c0bffab2dcb0d4726691874e7e96d4fb4e28729661f56c00ef4985a1e6, User ID: 1, Role: student, Time: 2025-07-11 19:06:30
Cargando myCourses.php - Student ID: 1, Time: 2025-07-11 19:06:33
Cargando courses.php - Session CSRF: e98708c0bffab2dcb0d4726691874e7e96d4fb4e28729661f56c00ef4985a1e6, User ID: 1, Role: student, Time: 2025-07-11 19:06:40
Cargando myCourses.php - Student ID: 1, Time: 2025-07-11 19:06:47
Cargando courses.php - Session CSRF: e98708c0bffab2dcb0d4726691874e7e96d4fb4e28729661f56c00ef4985a1e6, User ID: 1, Role: student, Time: 2025-07-11 19:06:51
Cargando myCourses.php - Student ID: 1, Time: 2025-07-11 19:06:53
Error en viewCourse.php: SQLSTATE[42S02]: Base table or view not found: 1146 Table 'cursos_app.videos' doesn't exist, Course ID: 3, Time: 2025-07-11 19:06:53
Cargando viewCourse.php - Course ID: 3, Student ID: 1, Time: 2025-07-11 19:06:53
Cargando courses.php - Session CSRF: e98708c0bffab2dcb0d4726691874e7e96d4fb4e28729661f56c00ef4985a1e6, User ID: 1, Role: student, Time: 2025-07-11 19:12:22
Cargando myCourses.php - Student ID: 1, Time: 2025-07-11 19:12:23
Cargando viewCourse.php - Course ID: 3, Student ID: 1, Time: 2025-07-11 19:12:24
Cargando myCourses.php - Student ID: 1, Time: 2025-07-11 19:23:36
Cargando viewCourse.php - Course ID: 3, Student ID: 1, Time: 2025-07-11 19:23:39
Cargando myCourses.php - Student ID: 1, Time: 2025-07-11 19:23:41
Cargando myCourses.php - Student ID: 1, Time: 2025-07-11 19:23:42
Cargando myCourses.php - Student ID: 1, Time: 2025-07-11 19:23:45
Cargando viewCourse.php - Course ID: 3, Student ID: 1, Time: 2025-07-11 19:23:47
Cargando viewCourse.php - Course ID: 3, Student ID: 1, Time: 2025-07-11 19:23:53
Cargando myCourses.php - Student ID: 1, Time: 2025-07-11 19:23:55
Cargando myCourses.php - Student ID: 1, Time: 2025-07-11 19:23:58
Cargando myCourses.php - Student ID: 1, Time: 2025-07-11 19:25:06
Cargando myCourses.php - Student ID: 1, Time: 2025-07-11 19:25:07
Cargando myCourses.php - Student ID: 1, Time: 2025-07-11 19:25:07
Cargando myCourses.php - Student ID: 1, Time: 2025-07-11 19:25:07
Cargando myCourses.php - Student ID: 1, Time: 2025-07-11 19:25:08
Cargando courses.php - Session CSRF: , User ID: 1, Role: student, Time: 2025-07-11 19:25:13
Cargando myCourses.php - Student ID: 1, Time: 2025-07-11 19:25:28
Cargando myCourses.php - Student ID: 1, Time: 2025-07-11 19:25:31
Cargando courses.php - Session CSRF: , User ID: 1, Role: student, Time: 2025-07-11 19:26:17
Cargando courses.php - Session CSRF: 0cf27aea431bee64dff40db688c88f4791cc38630929cbf0977f3db389c2e53c, User ID: 1, Role: student, Time: 2025-07-11 19:26:50
Cargando courses.php - Session CSRF: 0cf27aea431bee64dff40db688c88f4791cc38630929cbf0977f3db389c2e53c, User ID: 1, Role: student, Time: 2025-07-11 19:26:54
Cargando courses.php - Session CSRF: 0cf27aea431bee64dff40db688c88f4791cc38630929cbf0977f3db389c2e53c, User ID: 1, Role: student, Time: 2025-07-11 19:26:56
Cargando courses.php - Session CSRF: 0cf27aea431bee64dff40db688c88f4791cc38630929cbf0977f3db389c2e53c, User ID: 1, Role: student, Time: 2025-07-11 19:27:01
Cargando myCourses.php - Student ID: 1, Time: 2025-07-11 19:27:05
Cargando courses.php - Session CSRF: 0cf27aea431bee64dff40db688c88f4791cc38630929cbf0977f3db389c2e53c, User ID: 1, Role: student, Time: 2025-07-11 19:27:07
Cargando courses.php - Session CSRF: 0cf27aea431bee64dff40db688c88f4791cc38630929cbf0977f3db389c2e53c, User ID: 1, Role: student, Time: 2025-07-11 19:27:10
Cargando courses.php - Session CSRF: 0cf27aea431bee64dff40db688c88f4791cc38630929cbf0977f3db389c2e53c, User ID: 1, Role: student, Time: 2025-07-11 19:27:13
Cargando courses.php - Session CSRF: 0cf27aea431bee64dff40db688c88f4791cc38630929cbf0977f3db389c2e53c, User ID: 1, Role: student, Time: 2025-07-11 19:28:26
Cargando myCourses.php - Student ID: 1, Time: 2025-07-11 19:28:28
Cargando courses.php - Session CSRF: 0cf27aea431bee64dff40db688c88f4791cc38630929cbf0977f3db389c2e53c, User ID: 1, Role: student, Time: 2025-07-11 19:28:58
Cargando myCourses.php - Student ID: 1, Time: 2025-07-11 19:28:59
Cargando viewCourse.php - Course ID: 3, Student ID: 1, Time: 2025-07-11 19:29:01
Cargando myCourses.php - Student ID: 1, Time: 2025-07-11 19:29:06
Cargando courses.php - Session CSRF: 0cf27aea431bee64dff40db688c88f4791cc38630929cbf0977f3db389c2e53c, User ID: 1, Role: student, Time: 2025-07-11 19:29:10
Cargando myCourses.php - Student ID: 1, Time: 2025-07-11 19:29:11
Cargando viewCourse.php - Course ID: 3, Student ID: 1, Time: 2025-07-11 19:29:12
Cargando myCourses.php - Student ID: 1, Time: 2025-07-11 19:29:15
Cargando myCourses.php - Student ID: 1, Time: 2025-07-11 19:29:20
Cargando viewCourse.php - Course ID: 3, Student ID: 1, Time: 2025-07-11 19:29:22
Cargando myCourses.php - Student ID: 1, Time: 2025-07-11 19:29:27
Cargando myCourses.php - Student ID: 1, Time: 2025-07-11 19:30:58
Cargando myCourses.php - Student ID: 1, Time: 2025-07-11 19:30:59
Cargando courses.php - Session CSRF: , User ID: 1, Role: student, Time: 2025-07-21 15:05:06
Cargando courses.php - Session CSRF: a9360a7b617c76b390fc0d541773bd522e5cd54aa94b5083fa20d055033d2dfc, User ID: 1, Role: student, Time: 2025-07-21 15:10:16
Cargando courses.php - Session CSRF: a9360a7b617c76b390fc0d541773bd522e5cd54aa94b5083fa20d055033d2dfc, User ID: 1, Role: student, Time: 2025-07-21 15:10:22
Cargando myCourses.php - Student ID: 1, Time: 2025-07-21 15:10:25
Cargando courses.php - Session CSRF: a9360a7b617c76b390fc0d541773bd522e5cd54aa94b5083fa20d055033d2dfc, User ID: 1, Role: student, Time: 2025-07-21 15:10:27
Cargando courses.php - Session CSRF: a9360a7b617c76b390fc0d541773bd522e5cd54aa94b5083fa20d055033d2dfc, User ID: 1, Role: student, Time: 2025-07-21 15:10:39
Cargando myCourses.php - Student ID: 1, Time: 2025-07-21 15:10:45
Cargando myCourses.php - Student ID: 1, Time: 2025-07-21 15:10:53
Cargando viewCourse.php - Course ID: 3, Student ID: 1, Time: 2025-07-21 15:10:55
Cargando myCourses.php - Student ID: 1, Time: 2025-07-21 15:10:59
Cargando myCourses.php - Student ID: 1, Time: 2025-07-21 15:11:05
Cargando viewCourse.php - Course ID: 3, Student ID: 1, Time: 2025-07-21 15:11:13
Cargando myCourses.php - Student ID: 1, Time: 2025-07-21 15:11:15
Cargando myCourses.php - Student ID: 1, Time: 2025-07-21 15:11:17
Cargando viewCourse.php - Course ID: 3, Student ID: 1, Time: 2025-07-21 15:11:19
Cargando myCourses.php - Student ID: 1, Time: 2025-07-21 15:11:22
Cargando myCourses.php - Student ID: 1, Time: 2025-07-21 15:13:02
Cargando myCourses.php - Student ID: 1, Time: 2025-07-21 15:13:05
Cargando viewCourse.php - Course ID: 3, Student ID: 1, Time: 2025-07-21 15:13:06
Cargando myCourses.php - Student ID: 1, Time: 2025-07-21 15:13:24
Cargando viewCourse.php - Course ID: 3, Student ID: 1, Time: 2025-07-21 15:13:29
Cargando viewCourse.php - Course ID: 3, Student ID: 1, Time: 2025-07-21 15:13:41
Cargando myCourses.php - Student ID: 1, Time: 2025-07-21 15:14:01
Cargando myCourses.php - Student ID: 1, Time: 2025-07-21 15:14:19
Cargando viewCourse.php - Course ID: 3, Student ID: 1, Time: 2025-07-21 15:14:21
Cargando viewCourse.php - Course ID: 3, Student ID: 1, Time: 2025-07-21 15:23:35
Cargando myCourses.php - Student ID: 1, Time: 2025-07-21 15:23:38
Cargando viewCourse.php - Course ID: 3, Student ID: 1, Time: 2025-07-21 15:23:46
Cargando myCourses.php - Student ID: 1, Time: 2025-07-21 15:24:25
Cargando viewCourse.php - Course ID: 3, Student ID: 1, Time: 2025-07-21 15:24:26
Cargando myCourses.php - Student ID: 1, Time: 2025-07-21 15:24:40
Cargando viewCourse.php - Course ID: 3, Student ID: 1, Time: 2025-07-21 15:24:41
Cargando myCourses.php - Student ID: 1, Time: 2025-07-21 15:24:52
Cargando viewCourse.php - Course ID: 3, Student ID: 1, Time: 2025-07-21 15:24:53
Cargando viewCourse.php - Course ID: 3, Student ID: 1, Time: 2025-07-21 15:27:36
Cargando viewCourse.php - Course ID: 3, Student ID: 1, Time: 2025-07-21 15:27:36
Cargando viewCourse.php - Course ID: 3, Student ID: 1, Time: 2025-07-21 15:27:37
Cargando viewCourse.php - Course ID: 3, Student ID: 1, Time: 2025-07-21 15:27:37
Cargando viewCourse.php - Course ID: 3, Student ID: 1, Time: 2025-07-21 15:27:37
Cargando viewCourse.php - Course ID: 3, Student ID: 1, Time: 2025-07-21 15:27:37
Cargando viewCourse.php - Course ID: 3, Student ID: 1, Time: 2025-07-21 15:27:37
Cargando viewCourse.php - Course ID: 3, Student ID: 1, Time: 2025-07-21 15:27:37
Cargando myCourses.php - Student ID: 1, Time: 2025-07-21 15:27:39
Cargando viewCourse.php - Course ID: 3, Student ID: 1, Time: 2025-07-21 15:27:42
Cargando myCourses.php - Student ID: 1, Time: 2025-07-21 15:28:47
Cargando viewCourse.php - Course ID: 3, Student ID: 1, Time: 2025-07-21 15:28:48
Cargando viewCourse.php - Course ID: 3, Student ID: 1, Time: 2025-07-21 15:31:55
Cargando viewCourse.php - Course ID: 3, Student ID: 1, Time: 2025-07-21 15:31:55
Cargando viewCourse.php - Course ID: 3, Student ID: 1, Time: 2025-07-21 15:31:56
Cargando viewCourse.php - Course ID: 3, Student ID: 1, Time: 2025-07-21 15:31:56
Cargando viewCourse.php - Course ID: 3, Student ID: 1, Time: 2025-07-21 15:38:14
Cargando viewCourse.php - Course ID: 3, Student ID: 1, Time: 2025-07-21 15:38:15
Cargando viewCourse.php - Course ID: 3, Student ID: 1, Time: 2025-07-21 15:38:15
Cargando myCourses.php - Student ID: 1, Time: 2025-07-21 15:38:17
Cargando viewCourse.php - Course ID: 3, Student ID: 1, Time: 2025-07-21 15:38:18
Cargando courses.php - Session CSRF: 83d7cedeab81dbc91de17398a9d9d5d8c27b14679ab3130ba06b765e1d50d32b, User ID: 1, Role: student, Time: 2025-07-21 15:38:27
Cargando courses.php - Session CSRF: 83d7cedeab81dbc91de17398a9d9d5d8c27b14679ab3130ba06b765e1d50d32b, User ID: 1, Role: student, Time: 2025-07-21 15:38:34
Cargando courses.php - Session CSRF: 83d7cedeab81dbc91de17398a9d9d5d8c27b14679ab3130ba06b765e1d50d32b, User ID: 1, Role: student, Time: 2025-07-21 15:38:48
Cargando myCourses.php - Student ID: 1, Time: 2025-07-21 15:38:50
Cargando myCourses.php - Student ID: 1, Time: 2025-07-21 15:38:59
Cargando myCourses.php - Student ID: 1, Time: 2025-07-21 15:39:08
Cargando viewCourse.php - Course ID: 3, Student ID: 1, Time: 2025-07-21 15:39:10
Cargando courses.php - Session CSRF: 83d7cedeab81dbc91de17398a9d9d5d8c27b14679ab3130ba06b765e1d50d32b, User ID: 1, Role: student, Time: 2025-07-21 15:39:43
Cargando myCourses.php - Student ID: 1, Time: 2025-07-21 15:41:17
Cargando viewCourse.php - Course ID: 3, Student ID: 1, Time: 2025-07-21 15:41:19
Cargando viewCourse.php - Course ID: 3, Student ID: 1, Time: 2025-07-21 16:02:44
Cargando viewCourse.php - Course ID: 3, Student ID: 1, Time: 2025-07-21 16:02:45
Cargando viewCourse.php - Course ID: 3, Student ID: 1, Time: 2025-07-21 16:02:45
Cargando viewCourse.php - Course ID: 3, Student ID: 1, Time: 2025-07-21 16:02:45
Cargando viewCourse.php - Course ID: 3, Student ID: 1, Time: 2025-07-21 16:02:45
Cargando myCourses.php - Student ID: 1, Time: 2025-07-21 16:02:50
Cargando courses.php - Session CSRF: 83d7cedeab81dbc91de17398a9d9d5d8c27b14679ab3130ba06b765e1d50d32b, User ID: 1, Role: student, Time: 2025-07-21 16:03:07
Cargando myCourses.php - Student ID: 1, Time: 2025-07-21 16:03:08
Cargando courses.php - Session CSRF: 83d7cedeab81dbc91de17398a9d9d5d8c27b14679ab3130ba06b765e1d50d32b, User ID: 1, Role: student, Time: 2025-07-21 16:03:10
Cargando courses.php - Session CSRF: 83d7cedeab81dbc91de17398a9d9d5d8c27b14679ab3130ba06b765e1d50d32b, User ID: 1, Role: student, Time: 2025-07-21 16:03:15
Cargando myCourses.php - Student ID: 1, Time: 2025-07-21 16:03:18
Cargando courses.php - Session CSRF: 83d7cedeab81dbc91de17398a9d9d5d8c27b14679ab3130ba06b765e1d50d32b, User ID: 1, Role: student, Time: 2025-07-21 16:03:19
Cargando myCourses.php - Student ID: 1, Time: 2025-07-21 16:04:53
Cargando viewCourse.php - Course ID: 3, Student ID: 1, Time: 2025-07-21 16:05:16
Cargando viewCourse.php - Course ID: 3, Student ID: 1, Time: 2025-07-21 16:18:15
Cargando viewCourse.php - Course ID: 3, Student ID: 1, Time: 2025-07-21 16:18:15
Cargando viewCourse.php - Course ID: 3, Student ID: 1, Time: 2025-07-21 16:18:15
Cargando viewCourse.php - Course ID: 3, Student ID: 1, Time: 2025-07-21 16:18:16
Cargando viewCourse.php - Course ID: 3, Student ID: 1, Time: 2025-07-21 16:18:16
Cargando viewCourse.php - Course ID: 3, Student ID: 1, Time: 2025-07-21 16:18:16
Cargando myCourses.php - Student ID: 1, Time: 2025-07-21 16:18:18
Cargando viewCourse.php - Course ID: 3, Student ID: 1, Time: 2025-07-21 16:18:19
Cargando viewCourse.php - Course ID: 3, Student ID: 1, Time: 2025-07-21 16:26:12
Cargando viewCourse.php - Course ID: 3, Student ID: 1, Time: 2025-07-21 16:26:13
Cargando viewCourse.php - Course ID: 3, Student ID: 1, Time: 2025-07-21 16:26:13
Cargando viewCourse.php - Course ID: 3, Student ID: 1, Time: 2025-07-21 16:26:13
Cargando viewCourse.php - Course ID: 3, Student ID: 1, Time: 2025-07-21 16:26:13
Cargando myCourses.php - Student ID: 1, Time: 2025-07-21 16:26:16
Cargando viewCourse.php - Course ID: 3, Student ID: 1, Time: 2025-07-21 16:26:17
Cargando myCourses.php - Student ID: 1, Time: 2025-07-21 16:26:36
Cargando courses.php - Session CSRF: 83d7cedeab81dbc91de17398a9d9d5d8c27b14679ab3130ba06b765e1d50d32b, User ID: 1, Role: student, Time: 2025-07-21 16:26:37
Cargando courses.php - Session CSRF: 83d7cedeab81dbc91de17398a9d9d5d8c27b14679ab3130ba06b765e1d50d32b, User ID: 1, Role: student, Time: 2025-07-21 16:30:04
Cargando myCourses.php - Student ID: 1, Time: 2025-07-21 16:30:07
Cargando viewCourse.php - Course ID: 3, Student ID: 1, Time: 2025-07-21 16:30:08
Cargando viewCourse.php - Course ID: 3, Student ID: 1, Time: 2025-07-21 16:43:38
Cargando courses.php - Session CSRF: 74ca7733d6ad4b76ea254b7653460b7054852da84924f7ec072f832963127c78, User ID: 1, Role: student, Time: 2025-07-21 23:17:03
Cargando courses.php - Session CSRF: 74ca7733d6ad4b76ea254b7653460b7054852da84924f7ec072f832963127c78, User ID: 1, Role: student, Time: 2025-07-21 23:17:17
Cargando myCourses.php - Student ID: 1, Time: 2025-07-21 23:17:24
Cargando viewCourse.php - Course ID: 3, Student ID: 1, Time: 2025-07-21 23:17:26
Cargando myCourses.php - Student ID: 1, Time: 2025-07-21 23:18:24
Cargando courses.php - Session CSRF: 74ca7733d6ad4b76ea254b7653460b7054852da84924f7ec072f832963127c78, User ID: 1, Role: student, Time: 2025-07-21 23:18:31
Cargando courses.php - Session CSRF: 74ca7733d6ad4b76ea254b7653460b7054852da84924f7ec072f832963127c78, User ID: 1, Role: student, Time: 2025-07-21 23:18:39
Cargando myCourses.php - Student ID: 1, Time: 2025-07-21 23:18:40
Cargando viewCourse.php - Course ID: 3, Student ID: 1, Time: 2025-07-21 23:18:43
Cargando myCourses.php - Student ID: 1, Time: 2025-07-21 23:18:50
Cargando courses.php - Session CSRF: 74ca7733d6ad4b76ea254b7653460b7054852da84924f7ec072f832963127c78, User ID: 1, Role: student, Time: 2025-07-21 23:18:51
Cargando myCourses.php - Student ID: 1, Time: 2025-07-21 23:18:54
Cargando courses.php - Session CSRF: 74ca7733d6ad4b76ea254b7653460b7054852da84924f7ec072f832963127c78, User ID: 1, Role: student, Time: 2025-07-21 23:18:55
Cargando myCourses.php - Student ID: 1, Time: 2025-07-21 23:19:00
Cargando viewCourse.php - Course ID: 3, Student ID: 1, Time: 2025-07-21 23:19:03
Cargando courses.php - Session CSRF: 74ca7733d6ad4b76ea254b7653460b7054852da84924f7ec072f832963127c78, User ID: 1, Role: student, Time: 2025-07-21 23:19:10
Cargando courses.php - Session CSRF: df82d7fc0dd3d9f3f44a77e2a83d20b80b3793a3b3c2161395e4e9bdc3d3fecd, User ID: 1, Role: student, Time: 2025-07-21 23:22:05
Cargando myCourses.php - Student ID: 1, Time: 2025-07-21 23:22:06
Cargando viewCourse.php - Course ID: 3, Student ID: 1, Time: 2025-07-21 23:22:07
Cargando myCourses.php - Student ID: 1, Time: 2025-07-21 23:22:14
Cargando viewCourse.php - Course ID: 3, Student ID: 1, Time: 2025-07-21 23:22:15
Cargando myCourses.php - Student ID: 1, Time: 2025-07-21 23:22:16
Cargando courses.php - Session CSRF: df82d7fc0dd3d9f3f44a77e2a83d20b80b3793a3b3c2161395e4e9bdc3d3fecd, User ID: 1, Role: student, Time: 2025-07-21 23:22:17
Cargando courses.php - Session CSRF: d82cbb34c501f6ddec585b8a9428080e4567d62c663499b4c26655956f64acc5, User ID: 1, Role: student, Time: 2025-08-27 00:20:50
Cargando myCourses.php - Student ID: 1, Time: 2025-08-27 00:20:52
Cargando viewCourse.php - Course ID: 3, Student ID: 1, Time: 2025-08-27 00:20:54
Cargando myCourses.php - Student ID: 1, Time: 2025-08-27 00:20:57
Cargando myCourses.php - Student ID: 1, Time: 2025-08-27 00:21:01
Cargando viewCourse.php - Course ID: 3, Student ID: 1, Time: 2025-08-27 00:21:03
Cargando myCourses.php - Student ID: 1, Time: 2025-08-27 00:21:04
Cargando courses.php - Session CSRF: d82cbb34c501f6ddec585b8a9428080e4567d62c663499b4c26655956f64acc5, User ID: 1, Role: student, Time: 2025-08-27 00:21:07
Cargando myCourses.php - Student ID: 1, Time: 2025-08-27 00:21:11
Cargando courses.php - Session CSRF: c8634da504fcd6ee80c0e0d41a239fd7d5f1fdbbd25266672147ae66265ade84, User ID: 1, Role: student, Time: 2025-08-27 01:38:47
Cargando courses.php - Session CSRF: c8634da504fcd6ee80c0e0d41a239fd7d5f1fdbbd25266672147ae66265ade84, User ID: 1, Role: student, Time: 2025-08-27 01:46:46
Cargando myCourses.php - Student ID: 1, Time: 2025-08-27 01:46:48
Cargando courses.php - Session CSRF: c8634da504fcd6ee80c0e0d41a239fd7d5f1fdbbd25266672147ae66265ade84, User ID: 1, Role: student, Time: 2025-08-27 01:46:50
Cargando courses.php - Session CSRF: c8634da504fcd6ee80c0e0d41a239fd7d5f1fdbbd25266672147ae66265ade84, User ID: 1, Role: student, Time: 2025-08-27 01:46:55
Cargando myCourses.php - Student ID: 1, Time: 2025-08-27 01:46:59
Cargando courses.php - Session CSRF: c8634da504fcd6ee80c0e0d41a239fd7d5f1fdbbd25266672147ae66265ade84, User ID: 1, Role: student, Time: 2025-08-27 01:47:02
Cargando myCourses.php - Student ID: 1, Time: 2025-08-27 01:47:03
Cargando courses.php - Session CSRF: c8634da504fcd6ee80c0e0d41a239fd7d5f1fdbbd25266672147ae66265ade84, User ID: 1, Role: student, Time: 2025-08-27 01:47:04
Cargando myCourses.php - Student ID: 1, Time: 2025-08-27 01:47:17
Cargando courses.php - Session CSRF: 4e535fb292f920f116dbb6dd9fc28f1e65167e7a939b213f4d16215795495cca, User ID: 1, Role: student, Time: 2025-08-28 16:18:13
Cargando myCourses.php - Student ID: 1, Time: 2025-08-28 16:18:15
Cargando courses.php - Session CSRF: 4e535fb292f920f116dbb6dd9fc28f1e65167e7a939b213f4d16215795495cca, User ID: 1, Role: student, Time: 2025-08-28 16:18:17
Cargando myCourses.php - Student ID: 1, Time: 2025-08-28 16:18:20
Cargando courses.php - Session CSRF: 4e535fb292f920f116dbb6dd9fc28f1e65167e7a939b213f4d16215795495cca, User ID: 1, Role: student, Time: 2025-08-28 16:18:24
Cargando myCourses.php - Student ID: 1, Time: 2025-08-28 16:18:28
Cargando courses.php - Session CSRF: 0cfba625015bc69b7ce0a9263cf693c22db7e9cecee9ac63f933265abefbdf5b, User ID: 1, Role: student, Time: 2025-09-20 17:40:24
Cargando myCourses.php - Student ID: 1, Time: 2025-09-20 17:40:26
Cargando courses.php - Session CSRF: 0cfba625015bc69b7ce0a9263cf693c22db7e9cecee9ac63f933265abefbdf5b, User ID: 1, Role: student, Time: 2025-09-20 17:40:28
Cargando myCourses.php - Student ID: 1, Time: 2025-09-20 17:40:30
Cargando courses.php - Session CSRF: 0cfba625015bc69b7ce0a9263cf693c22db7e9cecee9ac63f933265abefbdf5b, User ID: 1, Role: student, Time: 2025-09-20 17:40:35
Cargando courses.php - Session CSRF: 0cfba625015bc69b7ce0a9263cf693c22db7e9cecee9ac63f933265abefbdf5b, User ID: 1, Role: student, Time: 2025-09-20 17:42:09
Cargando courses.php - Session CSRF: 0cfba625015bc69b7ce0a9263cf693c22db7e9cecee9ac63f933265abefbdf5b, User ID: 1, Role: student, Time: 2025-09-20 17:52:31
Cargando courses.php - Session CSRF: 0cfba625015bc69b7ce0a9263cf693c22db7e9cecee9ac63f933265abefbdf5b, User ID: 1, Role: student, Time: 2025-09-20 17:53:09
Cargando courses.php - Session CSRF: 0cfba625015bc69b7ce0a9263cf693c22db7e9cecee9ac63f933265abefbdf5b, User ID: 1, Role: student, Time: 2025-09-20 17:58:21
Cargando courses.php - Session CSRF: 0cfba625015bc69b7ce0a9263cf693c22db7e9cecee9ac63f933265abefbdf5b, User ID: 1, Role: student, Time: 2025-09-20 18:00:32
Cargando courses.php - Session CSRF: 0cfba625015bc69b7ce0a9263cf693c22db7e9cecee9ac63f933265abefbdf5b, User ID: 1, Role: student, Time: 2025-09-20 18:04:07
Cargando courses.php - Session CSRF: 0cfba625015bc69b7ce0a9263cf693c22db7e9cecee9ac63f933265abefbdf5b, User ID: 1, Role: student, Time: 2025-09-20 18:06:10
Cargando courses.php - Session CSRF: 0cfba625015bc69b7ce0a9263cf693c22db7e9cecee9ac63f933265abefbdf5b, User ID: 1, Role: student, Time: 2025-09-20 18:06:12
Cargando myCourses.php - Student ID: 1, Time: 2025-09-20 18:06:31
Cargando courses.php - Session CSRF: 0cfba625015bc69b7ce0a9263cf693c22db7e9cecee9ac63f933265abefbdf5b, User ID: 1, Role: student, Time: 2025-09-20 18:06:36
Cargando courses.php - Session CSRF: 0cfba625015bc69b7ce0a9263cf693c22db7e9cecee9ac63f933265abefbdf5b, User ID: 1, Role: student, Time: 2025-09-20 18:06:39
Cargando myCourses.php - Student ID: 1, Time: 2025-09-20 18:06:41
Cargando myCourses.php - Student ID: 1, Time: 2025-09-20 18:07:15
Cargando viewCourse.php - Course ID: 3, Student ID: 1, Time: 2025-09-20 18:07:19
Cargando myCourses.php - Student ID: 1, Time: 2025-09-20 18:07:25
Cargando myCourses.php - Student ID: 1, Time: 2025-09-20 18:07:30
Cargando viewCourse.php - Course ID: 3, Student ID: 1, Time: 2025-09-20 18:07:34
Cargando myCourses.php - Student ID: 1, Time: 2025-09-20 18:07:41
Cargando myCourses.php - Student ID: 1, Time: 2025-09-20 18:08:02
Cargando courses.php - Session CSRF: b93515aa2edb056cd1c1520a706f2d2415fe23883266d1f16da17bc2e34f3210, User ID: 1, Role: student, Time: 2025-09-20 18:36:13
Cargando myCourses.php - Student ID: 1, Time: 2025-09-20 18:36:15
Cargando courses.php - Session CSRF: b93515aa2edb056cd1c1520a706f2d2415fe23883266d1f16da17bc2e34f3210, User ID: 1, Role: student, Time: 2025-09-20 18:36:30
Cargando myCourses.php - Student ID: 1, Time: 2025-09-20 18:36:31
Cargando courses.php - Session CSRF: b93515aa2edb056cd1c1520a706f2d2415fe23883266d1f16da17bc2e34f3210, User ID: 1, Role: student, Time: 2025-09-20 18:36:35
Cargando myCourses.php - Student ID: 1, Time: 2025-09-20 18:36:37
Cargando viewCourse.php - Course ID: 5, Student ID: 1, Time: 2025-09-20 18:36:45
Cargando courses.php - Session CSRF: 872f52e2a79e5de4937e49bb62a2f83ee9c12bc7ffcdbbfa08c7844c23710785, User ID: 1, Role: student, Time: 2025-09-23 16:22:55
Cargando myCourses.php - Student ID: 1, Time: 2025-09-23 16:23:00
Cargando courses.php - Session CSRF: 872f52e2a79e5de4937e49bb62a2f83ee9c12bc7ffcdbbfa08c7844c23710785, User ID: 1, Role: student, Time: 2025-09-23 16:23:38
Cargando myCourses.php - Student ID: 1, Time: 2025-09-23 16:23:41
Cargando courses.php - Session CSRF: 872f52e2a79e5de4937e49bb62a2f83ee9c12bc7ffcdbbfa08c7844c23710785, User ID: 1, Role: student, Time: 2025-09-23 16:23:49
Cargando myCourses.php - Student ID: 1, Time: 2025-09-23 16:23:51
Cargando viewCourse.php - Course ID: 3, Student ID: 1, Time: 2025-09-23 16:24:15
Cargando myCourses.php - Student ID: 1, Time: 2025-09-23 16:24:19
Cargando viewCourse.php - Course ID: 3, Student ID: 1, Time: 2025-09-23 16:24:24
Cargando myCourses.php - Student ID: 1, Time: 2025-09-23 16:24:26
Cargando courses.php - Session CSRF: 872f52e2a79e5de4937e49bb62a2f83ee9c12bc7ffcdbbfa08c7844c23710785, User ID: 1, Role: student, Time: 2025-09-23 16:30:23
Cargando myCourses.php - Student ID: 1, Time: 2025-09-23 16:30:25
Cargando myCourses.php - Student ID: 1, Time: 2025-09-23 16:46:39
Cargando myCourses.php - Student ID: 1, Time: 2025-09-23 16:57:10
Cargando courses.php - Session CSRF: 872f52e2a79e5de4937e49bb62a2f83ee9c12bc7ffcdbbfa08c7844c23710785, User ID: 1, Role: student, Time: 2025-09-23 16:57:26
Cargando myCourses.php - Student ID: 1, Time: 2025-09-23 17:13:03
Cargando myCourses.php - Student ID: 1, Time: 2025-09-23 17:23:59
Cargando myCourses.php - Student ID: 1, Time: 2025-09-23 17:24:49
Cargando myCourses.php - Student ID: 1, Time: 2025-09-23 17:29:18
Cargando myCourses.php - Student ID: 1, Time: 2025-09-23 17:33:39
Cargando myCourses.php - Student ID: 1, Time: 2025-09-23 17:33:59
Cargando myCourses.php - Student ID: 1, Time: 2025-09-23 17:34:28
Cargando myCourses.php - Student ID: 1, Time: 2025-09-23 17:37:50
Cargando courses.php - Session CSRF: 3b1c8006e6645f951d3b21f6f3f994c8f5e8fd46fca543e97b82cbed392f028a, User ID: 1, Role: student, Time: 2025-09-23 23:57:42
Cargando myCourses.php - Student ID: 1, Time: 2025-09-23 23:57:43
Cargando myCourses.php - Student ID: 1, Time: 2025-09-23 23:57:51
Cargando courses.php - Session CSRF: 3b1c8006e6645f951d3b21f6f3f994c8f5e8fd46fca543e97b82cbed392f028a, User ID: 1, Role: student, Time: 2025-09-23 23:57:59
Cargando myCourses.php - Student ID: 1, Time: 2025-09-23 23:58:00
Cargando viewCourse.php - Course ID: 3, Student ID: 1, Time: 2025-09-24 00:17:12
Cargando myCourses.php - Student ID: 1, Time: 2025-09-24 00:17:13
Cargando courses.php - Session CSRF: 9071cf6426b7aacb96e23160b301253f28ad1dd8a1eb58f5716e609ab611b7b5, User ID: 1, Role: student, Time: 2025-09-24 00:23:10
Cargando myCourses.php - Student ID: 1, Time: 2025-09-24 00:23:12
Cargando viewCourse.php - Course ID: 3, Student ID: 1, Time: 2025-09-24 00:23:13
Cargando myCourses.php - Student ID: 1, Time: 2025-09-24 00:23:15
Cargando courses.php - Session CSRF: 9071cf6426b7aacb96e23160b301253f28ad1dd8a1eb58f5716e609ab611b7b5, User ID: 1, Role: student, Time: 2025-09-24 00:23:18
Cargando myCourses.php - Student ID: 1, Time: 2025-09-24 00:23:19
Cargando viewCourse.php - Course ID: 3, Student ID: 1, Time: 2025-09-24 00:23:24
Cargando myCourses.php - Student ID: 1, Time: 2025-09-24 00:23:26
Cargando courses.php - Session CSRF: 9071cf6426b7aacb96e23160b301253f28ad1dd8a1eb58f5716e609ab611b7b5, User ID: 1, Role: student, Time: 2025-09-24 00:23:45
Cargando myCourses.php - Student ID: 1, Time: 2025-09-24 00:23:54
Cargando courses.php - Session CSRF: 38a72d2fd62a60c04e4d531311c9fe15dcf4ffbdca19c71037cc201585d1ea16, User ID: 1, Role: student, Time: 2025-09-24 18:06:06
Cargando courses.php - Session CSRF: 38a72d2fd62a60c04e4d531311c9fe15dcf4ffbdca19c71037cc201585d1ea16, User ID: 1, Role: student, Time: 2025-09-24 18:06:52
Cargando myCourses.php - Student ID: 1, Time: 2025-09-24 18:06:56
Cargando courses.php - Session CSRF: 38a72d2fd62a60c04e4d531311c9fe15dcf4ffbdca19c71037cc201585d1ea16, User ID: 1, Role: student, Time: 2025-09-24 18:07:06
Cargando myCourses.php - Student ID: 1, Time: 2025-09-24 18:07:08
Cargando courses.php - Session CSRF: 77da68b73c72d8f37b2dd6dc94cebb2fd1eac71ad000d9568bfd192c86315b4a, User ID: 1, Role: student, Time: 2025-09-24 18:26:34
Cargando myCourses.php - Student ID: 1, Time: 2025-09-24 18:26:36
Cargando viewCourse.php - Course ID: 3, Student ID: 1, Time: 2025-09-24 18:26:56
Cargando myCourses.php - Student ID: 1, Time: 2025-09-24 18:26:58
Cargando courses.php - Session CSRF: 77da68b73c72d8f37b2dd6dc94cebb2fd1eac71ad000d9568bfd192c86315b4a, User ID: 1, Role: student, Time: 2025-09-24 18:58:06
Cargando myCourses.php - Student ID: 1, Time: 2025-09-24 18:58:10
Cargando courses.php - Session CSRF: 77da68b73c72d8f37b2dd6dc94cebb2fd1eac71ad000d9568bfd192c86315b4a, User ID: 1, Role: student, Time: 2025-09-24 19:01:24
Cargando courses.php - Session CSRF: 77da68b73c72d8f37b2dd6dc94cebb2fd1eac71ad000d9568bfd192c86315b4a, User ID: 1, Role: student, Time: 2025-09-24 19:08:04
Cargando courses.php - Session CSRF: 77da68b73c72d8f37b2dd6dc94cebb2fd1eac71ad000d9568bfd192c86315b4a, User ID: 1, Role: student, Time: 2025-09-24 19:11:57
Cargando myCourses.php - Student ID: 1, Time: 2025-09-24 19:12:00
Cargando myCourses.php - Student ID: 1, Time: 2025-09-24 19:12:05
Cargando courses.php - Session CSRF: 77da68b73c72d8f37b2dd6dc94cebb2fd1eac71ad000d9568bfd192c86315b4a, User ID: 1, Role: student, Time: 2025-09-24 19:14:02
Cargando myCourses.php - Student ID: 1, Time: 2025-09-24 19:14:04
Cargando courses.php - Session CSRF: 77da68b73c72d8f37b2dd6dc94cebb2fd1eac71ad000d9568bfd192c86315b4a, User ID: 1, Role: student, Time: 2025-09-24 19:14:58
Cargando courses.php - Session CSRF: 354413b69f70301c921a1fe0ae4e9af48003bb36aa2ceb870b71c67ae9792ec6, User ID: 1, Role: student, Time: 2025-09-24 19:20:04
Cargando myCourses.php - Student ID: 1, Time: 2025-09-24 19:20:06
Cargando myCourses.php - Student ID: 1, Time: 2025-09-24 19:20:12
Cargando courses.php - Session CSRF: 9b8af61c2905a732ee8fc4f7da3160bb51d68e54da526991221567e25b491137, User ID: 1, Role: student, Time: 2025-09-30 02:39:31
Cargando courses.php - Session CSRF: 9b8af61c2905a732ee8fc4f7da3160bb51d68e54da526991221567e25b491137, User ID: 1, Role: student, Time: 2025-09-30 02:39:39
Cargando viewCourse.php - Course ID: 3, Student ID: 1, Time: 2025-09-30 02:39:47
Cargando myCourses.php - Student ID: 1, Time: 2025-09-30 02:39:49
Cargando myCourses.php - Student ID: 1, Time: 2025-09-30 02:39:55
Cargando courses.php - Session CSRF: 646ef263afa975cf4e72294d202cb46152b5a9ae276b9ce6cfc4ea84e0c78c7b, User ID: 1, Role: student, Time: 2025-10-02 12:59:44
Cargando myCourses.php - Student ID: 1, Time: 2025-10-02 12:59:46
Cargando courses.php - Session CSRF: 646ef263afa975cf4e72294d202cb46152b5a9ae276b9ce6cfc4ea84e0c78c7b, User ID: 1, Role: student, Time: 2025-10-02 12:59:58
Cargando myCourses.php - Student ID: 1, Time: 2025-10-02 13:00:00
Cargando courses.php - Session CSRF: 646ef263afa975cf4e72294d202cb46152b5a9ae276b9ce6cfc4ea84e0c78c7b, User ID: 1, Role: student, Time: 2025-10-02 13:00:03
Cargando courses.php - Session CSRF: 646ef263afa975cf4e72294d202cb46152b5a9ae276b9ce6cfc4ea84e0c78c7b, User ID: 1, Role: student, Time: 2025-10-02 13:00:07
Cargando myCourses.php - Student ID: 1, Time: 2025-10-02 13:00:09
Cargando viewCourse.php - Course ID: 3, Student ID: 1, Time: 2025-10-02 13:00:14
Cargando myCourses.php - Student ID: 1, Time: 2025-10-02 13:00:16
Cargando myCourses.php - Student ID: 1, Time: 2025-10-02 13:03:44
Cargando viewCourse.php - Course ID: 3, Student ID: 1, Time: 2025-10-02 13:03:53
Cargando myCourses.php - Student ID: 1, Time: 2025-10-02 13:03:54
Cargando viewCourse.php - Course ID: 3, Student ID: 1, Time: 2025-10-02 13:03:59
Cargando myCourses.php - Student ID: 1, Time: 2025-10-02 13:04:01
Cargando viewCourse.php - Course ID: 3, Student ID: 1, Time: 2025-10-02 13:04:11
Cargando myCourses.php - Student ID: 1, Time: 2025-10-02 13:04:12
Cargando courses.php - Session CSRF: 646ef263afa975cf4e72294d202cb46152b5a9ae276b9ce6cfc4ea84e0c78c7b, User ID: 1, Role: student, Time: 2025-10-02 13:05:43
Cargando viewCourse.php - Course ID: 3, Student ID: 1, Time: 2025-10-02 13:06:02
Cargando myCourses.php - Student ID: 1, Time: 2025-10-02 13:06:03
Cargando myCourses.php - Student ID: 1, Time: 2025-10-02 13:07:09
Cargando viewCourse.php - Course ID: 3, Student ID: 1, Time: 2025-10-02 13:07:13
Cargando myCourses.php - Student ID: 1, Time: 2025-10-02 13:07:15
Cargando viewCourse.php - Course ID: 3, Student ID: 1, Time: 2025-10-02 13:07:19
Cargando myCourses.php - Student ID: 1, Time: 2025-10-02 13:07:21
Cargando viewCourse.php - Course ID: 3, Student ID: 1, Time: 2025-10-02 13:07:26
Cargando myCourses.php - Student ID: 1, Time: 2025-10-02 13:07:28
Cargando viewCourse.php - Course ID: 3, Student ID: 1, Time: 2025-10-02 13:07:32
Cargando myCourses.php - Student ID: 1, Time: 2025-10-02 13:07:34
Cargando courses.php - Session CSRF: 646ef263afa975cf4e72294d202cb46152b5a9ae276b9ce6cfc4ea84e0c78c7b, User ID: 1, Role: student, Time: 2025-10-02 13:07:41
Cargando myCourses.php - Student ID: 1, Time: 2025-10-02 13:07:42
Cargando viewCourse.php - Course ID: 3, Student ID: 1, Time: 2025-10-02 13:07:52
Cargando myCourses.php - Student ID: 1, Time: 2025-10-02 13:07:53
Cargando courses.php - Session CSRF: 646ef263afa975cf4e72294d202cb46152b5a9ae276b9ce6cfc4ea84e0c78c7b, User ID: 1, Role: student, Time: 2025-10-02 13:07:57
Cargando courses.php - Session CSRF: 646ef263afa975cf4e72294d202cb46152b5a9ae276b9ce6cfc4ea84e0c78c7b, User ID: 1, Role: student, Time: 2025-10-02 13:08:01
Cargando myCourses.php - Student ID: 1, Time: 2025-10-02 13:08:02
Cargando myCourses.php - Student ID: 1, Time: 2025-10-02 13:08:16
Cargando myCourses.php - Student ID: 1, Time: 2025-10-02 13:08:21
Cargando courses.php - Session CSRF: 646ef263afa975cf4e72294d202cb46152b5a9ae276b9ce6cfc4ea84e0c78c7b, User ID: 1, Role: student, Time: 2025-10-02 13:08:27
Cargando courses.php - Session CSRF: 646ef263afa975cf4e72294d202cb46152b5a9ae276b9ce6cfc4ea84e0c78c7b, User ID: 1, Role: student, Time: 2025-10-02 13:50:23
Cargando myCourses.php - Student ID: 1, Time: 2025-10-02 13:50:24
Cargando myCourses.php - Student ID: 1, Time: 2025-10-02 13:50:25
Cargando courses.php - Session CSRF: 646ef263afa975cf4e72294d202cb46152b5a9ae276b9ce6cfc4ea84e0c78c7b, User ID: 1, Role: student, Time: 2025-10-02 13:56:15
Cargando courses.php - Session CSRF: 646ef263afa975cf4e72294d202cb46152b5a9ae276b9ce6cfc4ea84e0c78c7b, User ID: 1, Role: student, Time: 2025-10-02 13:56:24
Cargando courses.php - Session CSRF: 646ef263afa975cf4e72294d202cb46152b5a9ae276b9ce6cfc4ea84e0c78c7b, User ID: 1, Role: student, Time: 2025-10-02 14:13:43
Cargando courses.php - Session CSRF: 5a4af6bdd08d31bce73f21cb2b0d14575f454f0641e6b7e263b5d39ccc36d34a, User ID: 1, Role: student, Time: 2025-10-07 00:26:47
Cargando courses.php - Session CSRF: 5a4af6bdd08d31bce73f21cb2b0d14575f454f0641e6b7e263b5d39ccc36d34a, User ID: 1, Role: student, Time: 2025-10-07 00:27:14
Cargando myCourses.php - Student ID: 1, Time: 2025-10-07 00:27:15
Cargando myCourses.php - Student ID: 1, Time: 2025-10-07 00:27:21
Cargando viewCourse.php - Course ID: 5, Student ID: 1, Time: 2025-10-07 00:27:24
Cargando myCourses.php - Student ID: 1, Time: 2025-10-07 00:27:25
Cargando courses.php - Session CSRF: 5a4af6bdd08d31bce73f21cb2b0d14575f454f0641e6b7e263b5d39ccc36d34a, User ID: 1, Role: student, Time: 2025-10-07 00:27:34
Cargando myCourses.php - Student ID: 1, Time: 2025-10-07 00:27:35
Cargando courses.php - Session CSRF: 5a4af6bdd08d31bce73f21cb2b0d14575f454f0641e6b7e263b5d39ccc36d34a, User ID: 1, Role: student, Time: 2025-10-07 00:27:46
Cargando viewCourse.php - Course ID: 3, Student ID: 1, Time: 2025-10-07 00:27:59
Cargando myCourses.php - Student ID: 1, Time: 2025-10-07 00:28:00
Cargando myCourses.php - Student ID: 1, Time: 2025-10-07 00:28:09
Cargando myCourses.php - Student ID: 1, Time: 2025-10-07 00:29:14
Cargando courses.php - Session CSRF: 5a4af6bdd08d31bce73f21cb2b0d14575f454f0641e6b7e263b5d39ccc36d34a, User ID: 1, Role: student, Time: 2025-10-07 00:34:39
Cargando courses.php - Session CSRF: 5a4af6bdd08d31bce73f21cb2b0d14575f454f0641e6b7e263b5d39ccc36d34a, User ID: 1, Role: student, Time: 2025-10-07 00:53:38
Cargando myCourses.php - Student ID: 1, Time: 2025-10-07 00:53:39
Cargando myCourses.php - Student ID: 1, Time: 2025-10-07 00:53:43
Cargando viewCourse.php - Course ID: 3, Student ID: 1, Time: 2025-10-07 00:53:47
Cargando courses.php - Session CSRF: 5a4af6bdd08d31bce73f21cb2b0d14575f454f0641e6b7e263b5d39ccc36d34a, User ID: 1, Role: student, Time: 2025-10-07 00:53:49
Cargando myCourses.php - Student ID: 1, Time: 2025-10-07 00:53:50
Cargando courses.php - Session CSRF: 5a4af6bdd08d31bce73f21cb2b0d14575f454f0641e6b7e263b5d39ccc36d34a, User ID: 1, Role: student, Time: 2025-10-07 00:53:58
Cargando courses.php - Session CSRF: 5a4af6bdd08d31bce73f21cb2b0d14575f454f0641e6b7e263b5d39ccc36d34a, User ID: 1, Role: student, Time: 2025-10-07 00:54:07
Cargando courses.php - Session CSRF: 5a4af6bdd08d31bce73f21cb2b0d14575f454f0641e6b7e263b5d39ccc36d34a, User ID: 1, Role: student, Time: 2025-10-07 01:00:45
Cargando myCourses.php - Student ID: 1, Time: 2025-10-07 01:00:47
Cargando viewCourse.php - Course ID: 3, Student ID: 1, Time: 2025-10-07 01:00:51
Cargando myCourses.php - Student ID: 1, Time: 2025-10-07 01:00:55
Cargando myCourses.php - Student ID: 1, Time: 2025-10-07 01:02:43
Cargando courses.php - Session CSRF: 5a4af6bdd08d31bce73f21cb2b0d14575f454f0641e6b7e263b5d39ccc36d34a, User ID: 1, Role: student, Time: 2025-10-07 01:05:54
Cargando courses.php - Session CSRF: 5a4af6bdd08d31bce73f21cb2b0d14575f454f0641e6b7e263b5d39ccc36d34a, User ID: 1, Role: student, Time: 2025-10-07 01:18:21
Cargando myCourses.php - Student ID: 1, Time: 2025-10-07 01:18:23
Cargando viewCourse.php - Course ID: 3, Student ID: 1, Time: 2025-10-07 01:18:28
Cargando myCourses.php - Student ID: 1, Time: 2025-10-07 01:50:33
Cargando viewCourse.php - Course ID: 5, Student ID: 1, Time: 2025-10-07 01:50:41
Cargando myCourses.php - Student ID: 1, Time: 2025-10-07 01:50:42
Cargando myCourses.php - Student ID: 1, Time: 2025-10-07 01:50:52
Cargando courses.php - Session CSRF: 5a4af6bdd08d31bce73f21cb2b0d14575f454f0641e6b7e263b5d39ccc36d34a, User ID: 1, Role: student, Time: 2025-10-07 01:52:27
Cargando myCourses.php - Student ID: 1, Time: 2025-10-07 01:52:28
Cargando courses.php - Session CSRF: 5a4af6bdd08d31bce73f21cb2b0d14575f454f0641e6b7e263b5d39ccc36d34a, User ID: 1, Role: student, Time: 2025-10-07 01:52:29
Cargando myCourses.php - Student ID: 1, Time: 2025-10-07 01:52:30
Cargando courses.php - Session CSRF: 5a4af6bdd08d31bce73f21cb2b0d14575f454f0641e6b7e263b5d39ccc36d34a, User ID: 1, Role: student, Time: 2025-10-07 01:52:36
Cargando myCourses.php - Student ID: 1, Time: 2025-10-07 01:52:39
Cargando myCourses.php - Student ID: 1, Time: 2025-10-07 01:52:42
Cargando myCourses.php - Student ID: 1, Time: 2025-10-07 02:14:51
Cargando courses.php - Session CSRF: 5a4af6bdd08d31bce73f21cb2b0d14575f454f0641e6b7e263b5d39ccc36d34a, User ID: 1, Role: student, Time: 2025-10-07 02:15:19
Cargando myCourses.php - Student ID: 1, Time: 2025-10-07 02:15:21
Cargando myCourses.php - Student ID: 1, Time: 2025-10-07 02:23:07
Cargando viewCourse.php - Course ID: 3, Student ID: 1, Time: 2025-10-07 02:24:22
Cargando myCourses.php - Student ID: 1, Time: 2025-10-07 02:24:23
Cargando myCourses.php - Student ID: 1, Time: 2025-10-07 02:33:32
Cargando courses.php - Session CSRF: 5a4af6bdd08d31bce73f21cb2b0d14575f454f0641e6b7e263b5d39ccc36d34a, User ID: 1, Role: student, Time: 2025-10-07 02:33:35
Cargando courses.php - Session CSRF: 149e6ad36bd57cba53d7d2e6679772e4456daf1671c3dcbd4ee06e99eb1b8e8b, User ID: 1, Role: student, Time: 2025-10-10 03:51:53
Cargando myCourses.php - Student ID: 1, Time: 2025-10-10 03:51:57
Cargando viewCourse.php - Course ID: 5, Student ID: 1, Time: 2025-10-10 03:52:02
Cargando myCourses.php - Student ID: 1, Time: 2025-10-10 03:52:07
Cargando courses.php - Session CSRF: 149e6ad36bd57cba53d7d2e6679772e4456daf1671c3dcbd4ee06e99eb1b8e8b, User ID: 1, Role: student, Time: 2025-10-10 04:00:37
Cargando myCourses.php - Student ID: 1, Time: 2025-10-10 04:00:38
Cargando viewCourse.php - Course ID: 3, Student ID: 1, Time: 2025-10-10 04:00:43
Cargando courses.php - Session CSRF: 52d787b58957873b92decdbcbc75f980abcdc7eb3136e3141211e201077ad2bf, User ID: 1, Role: student, Time: 2025-10-14 18:18:02
Cargando myCourses.php - Student ID: 1, Time: 2025-10-14 18:18:03
Cargando myCourses.php - Student ID: 1, Time: 2025-10-14 18:18:08
Cargando courses.php - Session CSRF: c9ab0a210e1979263e0636fab5e7b98527fd78f63fc79b4d2ca377b3542a14ca, User ID: 1, Role: student, Time: 2025-10-28 16:11:40
Cargando myCourses.php - Student ID: 1, Time: 2025-10-28 16:11:42
Cargando courses.php - Session CSRF: c9ab0a210e1979263e0636fab5e7b98527fd78f63fc79b4d2ca377b3542a14ca, User ID: 1, Role: student, Time: 2025-10-28 16:23:30
Cargando myCourses.php - Student ID: 1, Time: 2025-10-28 16:23:32
Cargando viewCourse.php - Course ID: 3, Student ID: 1, Time: 2025-10-28 16:23:35
Cargando myCourses.php - Student ID: 1, Time: 2025-10-28 16:23:38
Cargando courses.php - Session CSRF: c9ab0a210e1979263e0636fab5e7b98527fd78f63fc79b4d2ca377b3542a14ca, User ID: 1, Role: student, Time: 2025-10-28 16:25:11
Cargando courses.php - Session CSRF: c9ab0a210e1979263e0636fab5e7b98527fd78f63fc79b4d2ca377b3542a14ca, User ID: 1, Role: student, Time: 2025-10-28 16:25:59
Cargando myCourses.php - Student ID: 1, Time: 2025-10-28 16:26:01
Cargando myCourses.php - Student ID: 1, Time: 2025-10-28 16:26:07
Cargando myCourses.php - Student ID: 1, Time: 2025-10-28 16:26:13
Cargando courses.php - Session CSRF: c38b97b014e9ace695e427b0911cae3ea5401f0d88619f98e7887ef36e425622, User ID: 1, Role: student, Time: 2025-11-04 16:40:59
Cargando courses.php - Session CSRF: 027f8b94798b41ab70e1c6ba2f9f9308d63e9b3dcd72bd99cd2b54ab641c3ffc, User ID: 1, Role: student, Time: 2025-11-04 16:45:24
Cargando courses.php - Session CSRF: 0d56258cf7a52f81a8b48ac73e2f3b349afd86efc9a2d08e315bc339a31c45a4, User ID: 1, Role: student, Time: 2025-11-10 15:21:05
Cargando myCourses.php - Student ID: 1, Time: 2025-11-10 15:21:08
Cargando courses.php - Session CSRF: 0d56258cf7a52f81a8b48ac73e2f3b349afd86efc9a2d08e315bc339a31c45a4, User ID: 1, Role: student, Time: 2025-11-10 15:21:10
Cargando myCourses.php - Student ID: 1, Time: 2025-11-10 15:21:11
Cargando courses.php - Session CSRF: 0d56258cf7a52f81a8b48ac73e2f3b349afd86efc9a2d08e315bc339a31c45a4, User ID: 1, Role: student, Time: 2025-11-10 15:22:58
Cargando myCourses.php - Student ID: 1, Time: 2025-11-10 15:23:01
Cargando courses.php - Session CSRF: b6313190068339ac5a8d1dc800204cd722bded5846d0b9a5ac1242749586116f, User ID: 1, Role: student, Time: 2025-11-10 16:28:27
Cargando myCourses.php - Student ID: 1, Time: 2025-11-10 16:28:29
Cargando viewCourse.php - Course ID: 3, Student ID: 1, Time: 2025-11-10 16:28:30
Cargando myCourses.php - Student ID: 1, Time: 2025-11-10 16:28:34
Cargando courses.php - Session CSRF: 6f28477d8888324cbc84d762709c3e91674a5adc12c530c51a78cb1502a9f2ca, User ID: 1, Role: student, Time: 2025-11-17 20:59:56
Cargando myCourses.php - Student ID: 1, Time: 2025-11-17 20:59:58
Cargando myCourses.php - Student ID: 1, Time: 2025-11-17 21:00:03
Cargando courses.php - Session CSRF: 01b31eaf63f907ba4bd2da4ef85a56e7159246e977b2814f9398121f845f45ac, User ID: 1, Role: student, Time: 2025-11-18 18:18:01
Cargando courses.php - Session CSRF: f03686c9bb132163268dff6e3753937e77b10437092d1cf27cdb49614fb0a28d, User ID: 1, Role: student, Time: 2025-11-19 04:22:35
Cargando myCourses.php - Student ID: 1, Time: 2025-11-19 04:22:38
Cargando viewCourse.php - Course ID: 3, Student ID: 1, Time: 2025-11-19 04:22:40
Cargando myCourses.php - Student ID: 1, Time: 2025-11-19 04:22:46
Cargando myCourses.php - Student ID: 1, Time: 2025-11-19 04:23:21
Cargando courses.php - Session CSRF: f03686c9bb132163268dff6e3753937e77b10437092d1cf27cdb49614fb0a28d, User ID: 1, Role: student, Time: 2025-11-19 04:23:23
Cargando myCourses.php - Student ID: 1, Time: 2025-11-19 04:23:24
Cargando myCourses.php - Student ID: 1, Time: 2025-11-19 04:23:28
Cargando courses.php - Session CSRF: f03686c9bb132163268dff6e3753937e77b10437092d1cf27cdb49614fb0a28d, User ID: 1, Role: student, Time: 2025-11-19 04:23:40
Cargando courses.php - Session CSRF: 86cf47bce6bfae29ce71c6fef6de6e19b90377811c905c73566c81892ea4362d, User ID: 1, Role: student, Time: 2025-11-19 05:41:27
Cargando courses.php - Session CSRF: 86cf47bce6bfae29ce71c6fef6de6e19b90377811c905c73566c81892ea4362d, User ID: 1, Role: student, Time: 2025-11-19 05:42:48
Cargando courses.php - Session CSRF: 86cf47bce6bfae29ce71c6fef6de6e19b90377811c905c73566c81892ea4362d, User ID: 1, Role: student, Time: 2025-11-19 05:42:54
Cargando courses.php - Session CSRF: 86cf47bce6bfae29ce71c6fef6de6e19b90377811c905c73566c81892ea4362d, User ID: 1, Role: student, Time: 2025-11-19 05:43:41
Cargando courses.php - Session CSRF: 86cf47bce6bfae29ce71c6fef6de6e19b90377811c905c73566c81892ea4362d, User ID: 1, Role: student, Time: 2025-11-19 05:47:06
Cargando courses.php - Session CSRF: 86cf47bce6bfae29ce71c6fef6de6e19b90377811c905c73566c81892ea4362d, User ID: 1, Role: student, Time: 2025-11-19 05:47:13
Cargando courses.php - Session CSRF: 86cf47bce6bfae29ce71c6fef6de6e19b90377811c905c73566c81892ea4362d, User ID: 1, Role: student, Time: 2025-11-19 05:47:32
Cargando courses.php - Session CSRF: 86cf47bce6bfae29ce71c6fef6de6e19b90377811c905c73566c81892ea4362d, User ID: 1, Role: student, Time: 2025-11-19 05:48:18
Cargando courses.php - Session CSRF: 86cf47bce6bfae29ce71c6fef6de6e19b90377811c905c73566c81892ea4362d, User ID: 1, Role: student, Time: 2025-11-19 05:52:50
Cargando courses.php - Session CSRF: 86cf47bce6bfae29ce71c6fef6de6e19b90377811c905c73566c81892ea4362d, User ID: 1, Role: student, Time: 2025-11-19 05:52:52
Cargando courses.php - Session CSRF: 86cf47bce6bfae29ce71c6fef6de6e19b90377811c905c73566c81892ea4362d, User ID: 1, Role: student, Time: 2025-11-19 05:52:53
Cargando myCourses.php - Student ID: 1, Time: 2025-11-19 05:52:57
Cargando viewCourse.php - Course ID: 10, Student ID: 1, Time: 2025-11-19 05:53:02
Cargando myCourses.php - Student ID: 1, Time: 2025-11-19 05:53:10
Cargando myCourses.php - Student ID: 1, Time: 2025-11-19 05:53:23
Cargando viewCourse.php - Course ID: 10, Student ID: 1, Time: 2025-11-19 05:53:31
Cargando courses.php - Session CSRF: 6eb73541d6b3d8d827aa702bfd61143da71477f09eb64ac5a865729e664914f7, User ID: 1, Role: student, Time: 2025-11-19 15:34:29
Cargando myCourses.php - Student ID: 1, Time: 2025-11-19 15:34:31
Cargando viewCourse.php - Course ID: 10, Student ID: 1, Time: 2025-11-19 15:34:36
Cargando myCourses.php - Student ID: 1, Time: 2025-11-19 15:34:45
Cargando courses.php - Session CSRF: 6eb73541d6b3d8d827aa702bfd61143da71477f09eb64ac5a865729e664914f7, User ID: 1, Role: student, Time: 2025-11-19 15:41:20
Cargando myCourses.php - Student ID: 1, Time: 2025-11-19 15:41:22
Cargando myCourses.php - Student ID: 1, Time: 2025-11-19 15:41:27
Cargando viewCourse.php - Course ID: 10, Student ID: 1, Time: 2025-11-19 15:41:28
Cargando viewCourse.php - Course ID: 10, Student ID: 1, Time: 2025-11-19 15:49:16
Cargando courses.php - Session CSRF: 6eb73541d6b3d8d827aa702bfd61143da71477f09eb64ac5a865729e664914f7, User ID: 1, Role: student, Time: 2025-11-19 15:49:25
Cargando myCourses.php - Student ID: 1, Time: 2025-11-19 15:49:27
Cargando myCourses.php - Student ID: 1, Time: 2025-11-19 15:49:32
Cargando viewCourse.php - Course ID: 10, Student ID: 1, Time: 2025-11-19 15:49:33
Cargando myCourses.php - Student ID: 1, Time: 2025-11-19 15:49:36
Cargando viewCourse.php - Course ID: 10, Student ID: 1, Time: 2025-11-19 15:49:37
Cargando viewCourse.php - Course ID: 10, Student ID: 1, Time: 2025-11-19 15:50:11
Cargando myCourses.php - Student ID: 1, Time: 2025-11-19 15:54:48
Cargando myCourses.php - Student ID: 1, Time: 2025-11-19 16:46:23
Cargando courses.php - Session CSRF: 6eb73541d6b3d8d827aa702bfd61143da71477f09eb64ac5a865729e664914f7, User ID: 1, Role: student, Time: 2025-11-19 16:52:23
Cargando myCourses.php - Student ID: 1, Time: 2025-11-19 16:52:24
Cargando courses.php - Session CSRF: 6741aa55a482b7c5a74ce7186a89099347f254a5d4a4341aa146f410cd1c1586, User ID: 1, Role: student, Time: 2025-11-19 17:41:48
Cargando myCourses.php - Student ID: 1, Time: 2025-11-19 17:41:51
Cargando courses.php - Session CSRF: 1a7a3724641170eab9d3702ed11b61581cc5e78bf55871266c68eea6a9fd8645, User ID: 1, Role: student, Time: 2025-11-19 18:21:59
Cargando myCourses.php - Student ID: 1, Time: 2025-11-19 18:22:05
Cargando myCourses.php - Student ID: 1, Time: 2025-11-19 18:22:24
Cargando myCourses.php - Student ID: 1, Time: 2025-11-19 18:22:50
Cargando myCourses.php - Student ID: 1, Time: 2025-11-19 18:23:06
Cargando courses.php - Session CSRF: 1a7a3724641170eab9d3702ed11b61581cc5e78bf55871266c68eea6a9fd8645, User ID: 1, Role: student, Time: 2025-11-19 18:23:27
Cargando myCourses.php - Student ID: 1, Time: 2025-11-19 18:23:29
Cargando courses.php - Session CSRF: a368f0f3b771ab0c698f24919b156e4f8b0aa3e69f8fff2c87d1617e5cb9e0ed, User ID: 1, Role: student, Time: 2025-11-19 18:27:36
Cargando courses.php - Session CSRF: a368f0f3b771ab0c698f24919b156e4f8b0aa3e69f8fff2c87d1617e5cb9e0ed, User ID: 1, Role: student, Time: 2025-11-19 18:27:37
Cargando myCourses.php - Student ID: 1, Time: 2025-11-19 18:27:38
Cargando courses.php - Session CSRF: 4443d304b850aa17513249a74d17b532070a13d8d977c6a8daacde8243678f8e, User ID: 1, Role: student, Time: 2025-11-20 17:17:44
Cargando myCourses.php - Student ID: 1, Time: 2025-11-20 17:17:46
Cargando courses.php - Session CSRF: 739b80d59494fcdae99b54b56af8a31b9843304290862678949e8193c3bf7c77, User ID: 1, Role: student, Time: 2025-11-20 17:39:58
Cargando myCourses.php - Student ID: 1, Time: 2025-11-20 17:40:01
Cargando myCourses.php - Student ID: 1, Time: 2025-11-20 17:40:29
Cargando courses.php - Session CSRF: 739b80d59494fcdae99b54b56af8a31b9843304290862678949e8193c3bf7c77, User ID: 1, Role: student, Time: 2025-11-20 17:44:53
Cargando courses.php - Session CSRF: 739b80d59494fcdae99b54b56af8a31b9843304290862678949e8193c3bf7c77, User ID: 1, Role: student, Time: 2025-11-20 17:45:00
Cargando myCourses.php - Student ID: 1, Time: 2025-11-20 17:45:05
Cargando courses.php - Session CSRF: 85c8810dd5b6b23671fde785fe6ca6660408e68f16207b979fb66baba4368c7b, User ID: 1, Role: student, Time: 2025-11-24 04:31:11
Cargando myCourses.php - Student ID: 1, Time: 2025-11-24 04:31:15
Cargando myCourses.php - Student ID: 1, Time: 2025-11-24 04:31:47
Cargando courses.php - Session CSRF: 5b5e78d310daf5a640394b6193e9bc136bf9257667c5a044e73290fd4f51bfac, User ID: 1, Role: student, Time: 2025-11-25 23:18:34
Cargando courses.php - Session CSRF: 5b5e78d310daf5a640394b6193e9bc136bf9257667c5a044e73290fd4f51bfac, User ID: 1, Role: student, Time: 2025-11-25 23:24:14
Cargando myCourses.php - Student ID: 1, Time: 2025-11-25 23:24:20
Cargando myCourses.php - Student ID: 1, Time: 2025-11-25 23:24:56
Cargando courses.php - Session CSRF: e674bdc870196e63e5c86d95b6f078127397ad612aee22b27b60ed47bdc8cccb, User ID: 1, Role: student, Time: 2025-11-27 13:38:30
Cargando courses.php - Session CSRF: e674bdc870196e63e5c86d95b6f078127397ad612aee22b27b60ed47bdc8cccb, User ID: 1, Role: student, Time: 2025-11-27 13:38:33
Cargando myCourses.php - Student ID: 1, Time: 2025-11-27 13:38:36
Cargando myCourses.php - Student ID: 1, Time: 2025-11-27 13:38:53
Cargando myCourses.php - Student ID: 1, Time: 2025-11-27 13:38:59
Cargando courses.php - Session CSRF: e674bdc870196e63e5c86d95b6f078127397ad612aee22b27b60ed47bdc8cccb, User ID: 1, Role: student, Time: 2025-11-27 13:39:00
Cargando myCourses.php - Student ID: 1, Time: 2025-11-27 13:39:03
Cargando myCourses.php - Student ID: 1, Time: 2025-11-27 14:55:28
Cargando myCourses.php - Student ID: 1, Time: 2025-11-27 14:55:36
Cargando courses.php - Session CSRF: a2244e251b72227d0fb2364cb2d38433c5ddd60878a07cc74995ea1d9e3e3d1a, User ID: 1, Role: student, Time: 2025-11-27 14:55:41
Cargando myCourses.php - Student ID: 1, Time: 2025-11-27 14:55:42
Cargando courses.php - Session CSRF: 0cb158f216b2510815eb51dcf62e1c0dcbb47940cf3dbdc1b79ad04d5a7300f5, User ID: 15, Role: student, Time: 2025-11-27 17:59:47
Cargando courses.php - Session CSRF: 0cb158f216b2510815eb51dcf62e1c0dcbb47940cf3dbdc1b79ad04d5a7300f5, User ID: 15, Role: student, Time: 2025-11-27 18:01:59
Cargando courses.php - SessionID: 5s932b8giqfms6l0oac5l9g2i9, CSRF: 0cb158f216b2510815eb51dcf62e1c0dcbb47940cf3dbdc1b79ad04d5a7300f5, UserID: 15, Rol: student, Fecha: 2025-11-27 18:02:22
Cargando courses.php - SessionID: 5s932b8giqfms6l0oac5l9g2i9, CSRF: 0cb158f216b2510815eb51dcf62e1c0dcbb47940cf3dbdc1b79ad04d5a7300f5, UserID: 15, Rol: student, Fecha: 2025-11-27 18:04:20
Cargando courses.php - SessionID: 5s932b8giqfms6l0oac5l9g2i9, CSRF: 0cb158f216b2510815eb51dcf62e1c0dcbb47940cf3dbdc1b79ad04d5a7300f5, UserID: 15, Rol: student, Fecha: 2025-11-27 18:04:22
Cargando myCourses.php - Student ID: 15, Time: 2025-11-27 18:04:25
Cargando courses.php - SessionID: 5s932b8giqfms6l0oac5l9g2i9, CSRF: e49387f168d4ae2da9634045138d03e8122c2b68108782e148b54af43f0911d4, UserID: 1, Rol: student, Fecha: 2025-11-27 18:16:42
Cargando myCourses.php - Student ID: 1, Time: 2025-11-27 18:16:44
Cargando courses.php - SessionID: 5s932b8giqfms6l0oac5l9g2i9, CSRF: e49387f168d4ae2da9634045138d03e8122c2b68108782e148b54af43f0911d4, UserID: 1, Rol: student, Fecha: 2025-11-27 18:16:49
Cargando courses.php - SessionID: cacascqlti02die7854355oggh, CSRF: 1d864ad07e422f1d427bea9844ef18e76e2417ccc36547a09d37d4cb022b6df3, UserID: 1, Rol: student, Fecha: 2025-12-10 04:51:51
Cargando myCourses.php - Student ID: 1, Time: 2025-12-10 04:51:58
Cargando courses.php - SessionID: cacascqlti02die7854355oggh, CSRF: 1d864ad07e422f1d427bea9844ef18e76e2417ccc36547a09d37d4cb022b6df3, UserID: 1, Rol: student, Fecha: 2025-12-10 04:52:25
Cargando myCourses.php - Student ID: 1, Time: 2025-12-10 04:52:26
Cargando courses.php - SessionID: 7grpsj6366nugt5pjof4ntqkld, CSRF: afcbaa49098bef38b86e534c75651d16658f68cf8a347c310c34118583314bda, UserID: 1, Rol: student, Fecha: 2025-12-11 04:48:13
Cargando courses.php - SessionID: 7grpsj6366nugt5pjof4ntqkld, CSRF: afcbaa49098bef38b86e534c75651d16658f68cf8a347c310c34118583314bda, UserID: 1, Rol: student, Fecha: 2025-12-11 04:48:29
Cargando courses.php - SessionID: 7grpsj6366nugt5pjof4ntqkld, CSRF: afcbaa49098bef38b86e534c75651d16658f68cf8a347c310c34118583314bda, UserID: 1, Rol: student, Fecha: 2025-12-11 04:48:36
Cargando myCourses.php - Student ID: 1, Time: 2025-12-11 04:48:40
Cargando courses.php - SessionID: 7grpsj6366nugt5pjof4ntqkld, CSRF: afcbaa49098bef38b86e534c75651d16658f68cf8a347c310c34118583314bda, UserID: 1, Rol: student, Fecha: 2025-12-11 04:48:51
Cargando myCourses.php - Student ID: 1, Time: 2025-12-11 04:48:54
Cargando myCourses.php - Student ID: 1, Time: 2025-12-11 04:49:07
Cargando myCourses.php - Student ID: 1, Time: 2025-12-11 04:49:12
Cargando myCourses.php - Student ID: 1, Time: 2025-12-11 04:51:17
Cargando myCourses.php - Student ID: 1, Time: 2025-12-11 04:51:39
Cargando myCourses.php - Student ID: 1, Time: 2025-12-11 04:51:59
Cargando courses.php - SessionID: 7grpsj6366nugt5pjof4ntqkld, CSRF: 704935f7551c5bef3bae713ed6380b743d4e6a3aa0dc3a53f7a5cc4ddbfca6be, UserID: 1, Rol: student, Fecha: 2025-12-11 05:26:06
Cargando courses.php - SessionID: 7grpsj6366nugt5pjof4ntqkld, CSRF: 704935f7551c5bef3bae713ed6380b743d4e6a3aa0dc3a53f7a5cc4ddbfca6be, UserID: 1, Rol: student, Fecha: 2025-12-11 05:26:13
Cargando myCourses.php - Student ID: 1, Time: 2025-12-11 05:26:17
Cargando courses.php - SessionID: jhirqdn2qlaflu9djr04vdquqm, CSRF: 274c8e62b845c256cc70a931c0416ee5cc47b3939c1248206123b50f1d68da70, UserID: 1, Rol: student, Fecha: 2025-12-12 19:47:53
Cargando myCourses.php - Student ID: 1, Time: 2025-12-12 19:47:56
Cargando courses.php - SessionID: g1ie4ll1j0l08g3hqgrh7fsnkj, CSRF: 0e9fba97424482e0a93d5e3925a61f4732b30908290209b79f29d5a3331503a9, UserID: 1, Rol: student, Fecha: 2026-01-17 23:12:55
Cargando myCourses.php - Student ID: 1, Time: 2026-01-17 23:12:58
Cargando courses.php - SessionID: g1ie4ll1j0l08g3hqgrh7fsnkj, CSRF: 0e9fba97424482e0a93d5e3925a61f4732b30908290209b79f29d5a3331503a9, UserID: 1, Rol: student, Fecha: 2026-01-17 23:14:12
Cargando courses.php - SessionID: g1ie4ll1j0l08g3hqgrh7fsnkj, CSRF: 0e9fba97424482e0a93d5e3925a61f4732b30908290209b79f29d5a3331503a9, UserID: 1, Rol: student, Fecha: 2026-01-17 23:14:13
Cargando myCourses.php - Student ID: 1, Time: 2026-01-17 23:14:15
Cargando myCourses.php - Student ID: 1, Time: 2026-01-17 23:14:24
Cargando courses.php - SessionID: 5g8dvdnp7sp180qt3ncqc3dkai, CSRF: 81eca6739f50f20928b7cdd1700ee0f9a92fcba6097ad2bc430790b760ef2e44, UserID: 19, Rol: student, Fecha: 2026-02-24 04:09:55
Cargando courses.php - SessionID: 5g8dvdnp7sp180qt3ncqc3dkai, CSRF: 81eca6739f50f20928b7cdd1700ee0f9a92fcba6097ad2bc430790b760ef2e44, UserID: 19, Rol: student, Fecha: 2026-02-24 04:10:02
Cargando myCourses.php - Student ID: 19, Time: 2026-02-24 04:10:04
Cargando myCourses.php - Student ID: 19, Time: 2026-02-24 04:11:31
Cargando courses.php - SessionID: 1g8as2t7ec3t1bp00uojh466hc, CSRF: 26e3cdf2c8879daec99166ea98f219a52d5d97157b393c643863128f3a73c624, UserID: 19, Rol: student, Fecha: 2026-02-26 03:36:09
Cargando myCourses.php - Student ID: 19, Time: 2026-02-26 03:36:11
Cargando courses.php - SessionID: 1g8as2t7ec3t1bp00uojh466hc, CSRF: 26e3cdf2c8879daec99166ea98f219a52d5d97157b393c643863128f3a73c624, UserID: 19, Rol: student, Fecha: 2026-02-26 03:36:27
Cargando courses.php - SessionID: 1g8as2t7ec3t1bp00uojh466hc, CSRF: 26e3cdf2c8879daec99166ea98f219a52d5d97157b393c643863128f3a73c624, UserID: 19, Rol: student, Fecha: 2026-02-26 03:38:13
Cargando courses.php - SessionID: 1g8as2t7ec3t1bp00uojh466hc, CSRF: ce5fdd46590c69edb2b2c173d546edc10d1346975cc40f45f4bd0888dac2c548, UserID: 19, Rol: student, Fecha: 2026-02-26 04:34:28
Cargando myCourses.php - Student ID: 19, Time: 2026-02-26 04:34:29
Cargando courses.php - SessionID: 1g8as2t7ec3t1bp00uojh466hc, CSRF: ce5fdd46590c69edb2b2c173d546edc10d1346975cc40f45f4bd0888dac2c548, UserID: 19, Rol: student, Fecha: 2026-02-26 04:34:38
Cargando myCourses.php - Student ID: 19, Time: 2026-02-26 04:34:39
Cargando myCourses.php - Student ID: 19, Time: 2026-02-26 04:34:53
Cargando courses.php - SessionID: 1g8as2t7ec3t1bp00uojh466hc, CSRF: ce5fdd46590c69edb2b2c173d546edc10d1346975cc40f45f4bd0888dac2c548, UserID: 19, Rol: student, Fecha: 2026-02-26 04:34:58
